<?xml version="1.0" encoding="UTF-8"?>
<!-- Generated by org.testng.reporters.JUnitReportReporter -->
<testsuite skipped="0" hostname="RAGHAVENDRA" name="testNG.Demo2" tests="2" failures="0" timestamp="14 Jan 2019 14:00:44 GMT" time="0.001" errors="0">
  <testcase name="deleteUser" time="0.000" classname="testNG.Demo2"/>
  <testcase name="registerUser" time="0.001" classname="testNG.Demo2"/>
</testsuite> <!-- testNG.Demo2 -->
