<?xml version="1.0" encoding="UTF-8"?>
<!-- Generated by org.testng.reporters.JUnitReportReporter -->
<testsuite skipped="0" hostname="RAGHAVENDRA" name="parallel.Demo1" tests="2" failures="0" timestamp="19 Nov 2019 13:48:50 GMT" time="0.001" errors="0">
  <testcase name="testB" time="0.000" classname="parallel.Demo1"/>
  <testcase name="testB" time="0.001" classname="parallel.Demo1"/>
</testsuite> <!-- parallel.Demo1 -->
