<?xml version="1.0" encoding="UTF-8"?>
<!-- Generated by org.testng.reporters.JUnitReportReporter -->
<testsuite skipped="0" hostname="RAGHAVENDRA" name="testNG.Demo4" tests="2" failures="0" timestamp="11 Jan 2019 14:01:10 GMT" time="0.010" errors="0">
  <testcase name="testB" time="0.009" classname="testNG.Demo4"/>
  <testcase name="testC" time="0.001" classname="testNG.Demo4"/>
</testsuite> <!-- testNG.Demo4 -->
