<?xml version="1.0" encoding="UTF-8"?>
<!-- Generated by org.testng.reporters.JUnitReportReporter -->
<testsuite skipped="1" hostname="RAGHAVENDRA" name="testNG.Demo1" tests="2" failures="0" timestamp="09 Oct 2019 11:11:21 GMT" time="0.007" errors="0">
  <testcase name="testA" time="0.007" classname="testNG.Demo1"/>
  <testcase name="testB" classname="testNG.Demo1">
    <skipped/>
  </testcase> <!-- testB -->
</testsuite> <!-- testNG.Demo1 -->
