<?xml version="1.0" encoding="UTF-8"?>
<!-- Generated by org.testng.reporters.JUnitReportReporter -->
<testsuite skipped="0" hostname="RAGHAVENDRA" name="testNG.SoftAssert" tests="1" failures="0" timestamp="14 Jan 2019 14:00:44 GMT" time="4.560" errors="0">
  <testcase name="verification" time="4.560" classname="testNG.SoftAssert"/>
</testsuite> <!-- testNG.SoftAssert -->
