<?xml version="1.0" encoding="UTF-8"?>
<!-- Generated by org.testng.reporters.JUnitReportReporter -->
<testsuite skipped="0" hostname="RAGHAVENDRA" name="parallel.Demo" tests="2" failures="0" timestamp="19 Nov 2019 13:48:50 GMT" time="0.022" errors="0">
  <testcase name="testA" time="0.007" classname="parallel.Demo"/>
  <testcase name="testA" time="0.015" classname="parallel.Demo"/>
</testsuite> <!-- parallel.Demo -->
