<?xml version="1.0" encoding="UTF-8"?>
<!-- Generated by org.testng.reporters.JUnitReportReporter -->
<testsuite skipped="0" hostname="RAGHAVENDRA" name="testNG.Verfication" tests="1" failures="0" timestamp="22 Jan 2019 12:16:22 GMT" time="9.458" errors="0">
  <testcase name="verification" time="9.458" classname="testNG.Verfication"/>
</testsuite> <!-- testNG.Verfication -->
