<?xml version="1.0" encoding="UTF-8"?>
<!-- Generated by org.testng.reporters.JUnitReportReporter -->
<testsuite skipped="0" hostname="RAGHAVENDRA" name="katalonScript.Test1" tests="1" failures="0" timestamp="11 Oct 2019 10:42:41 GMT" time="7.140" errors="0">
  <testcase name="testUntitledTestCase" time="7.140" classname="katalonScript.Test1"/>
</testsuite> <!-- katalonScript.Test1 -->
