<?xml version="1.0" encoding="UTF-8"?>
<!-- Generated by org.testng.reporters.JUnitReportReporter -->
<testsuite skipped="0" hostname="RAGHAVENDRA" name="pomclass.VerifyLoginTest" tests="1" failures="0" timestamp="14 Jan 2019 14:00:44 GMT" time="15.560" errors="0">
  <testcase name="testVerifyLogin" time="15.560" classname="pomclass.VerifyLoginTest"/>
</testsuite> <!-- pomclass.VerifyLoginTest -->
