<?xml version="1.0" encoding="UTF-8"?>
<!-- Generated by org.testng.reporters.JUnitReportReporter -->
<testsuite skipped="0" hostname="RAGHAVENDRA" name="listen.DemoC" tests="1" failures="0" timestamp="11 Dec 2019 14:07:24 GMT" time="0.001" errors="0">
  <testcase name="testC" time="0.001" classname="listen.DemoC"/>
</testsuite> <!-- listen.DemoC -->
