<?xml version="1.0" encoding="UTF-8"?>
<!-- Generated by org.testng.reporters.JUnitReportReporter -->
<testsuite skipped="0" hostname="RAGHAVENDRA" name="testNG.Demo3" tests="1" failures="0" timestamp="11 Jan 2019 14:01:00 GMT" time="0.006" errors="0">
  <testcase name="testA" time="0.006" classname="testNG.Demo3"/>
</testsuite> <!-- testNG.Demo3 -->
